# JRE version: OpenJDK Runtime Environment (11.0.15) (build 11.0.15+0-b2043.56-9505619)
# Java VM: OpenJDK 64-Bit Server VM (11.0.15+0-b2043.56-9505619, mixed mode, tiered, compressed oops, g1 gc, windows-amd64)
Heap:
 garbage-first heap   total 249856K, used 163479K [0x0000000080000000, 0x0000000100000000)
  region size 1024K, 37 young (37888K), 2 survivors (2048K)
 Metaspace       used 117469K, capacity 121232K, committed 121512K, reserved 1155072K
  class space    used 15329K, capacity 16803K, committed 16888K, reserved 1048576K
GC Heap History (20 events):
Event: 8.779 GC heap before
{Heap before GC invocations=15 (full 0):
 garbage-first heap   total 249856K, used 184840K [0x0000000080000000, 0x0000000100000000)
  region size 1024K, 100 young (102400K), 11 survivors (11264K)
 Metaspace       used 89100K, capacity 91830K, committed 92080K, reserved 1128448K
  class space    used 11672K, capacity 12704K, committed 12800K, reserved 1048576K
}
Event: 8.784 GC heap after
{Heap after GC invocations=16 (full 0):
 garbage-first heap   total 249856K, used 99999K [0x0000000080000000, 0x0000000100000000)
  region size 1024K, 10 young (10240K), 10 survivors (10240K)
 Metaspace       used 89100K, capacity 91830K, committed 92080K, reserved 1128448K
  class space    used 11672K, capacity 12704K, committed 12800K, reserved 1048576K
}
Event: 9.047 GC heap before
{Heap before GC invocations=16 (full 0):
 garbage-first heap   total 249856K, used 188063K [0x0000000080000000, 0x0000000100000000)
  region size 1024K, 97 young (99328K), 10 survivors (10240K)
 Metaspace       used 89530K, capacity 92323K, committed 92592K, reserved 1128448K
  class space    used 11705K, capacity 12759K, committed 12800K, reserved 1048576K
}
Event: 9.051 GC heap after
{Heap after GC invocations=17 (full 0):
 garbage-first heap   total 249856K, used 104130K [0x0000000080000000, 0x0000000100000000)
  region size 1024K, 9 young (9216K), 9 survivors (9216K)
 Metaspace       used 89530K, capacity 92323K, committed 92592K, reserved 1128448K
  class space    used 11705K, capacity 12759K, committed 12800K, reserved 1048576K
}
Event: 9.332 GC heap before
{Heap before GC invocations=17 (full 0):
 garbage-first heap   total 249856K, used 191170K [0x0000000080000000, 0x0000000100000000)
  region size 1024K, 95 young (97280K), 9 survivors (9216K)
 Metaspace       used 90415K, capacity 93184K, committed 93232K, reserved 1130496K
  class space    used 11808K, capacity 12892K, committed 12928K, reserved 1048576K
}
Event: 9.336 GC heap after
{Heap after GC invocations=18 (full 0):
 garbage-first heap   total 249856K, used 108361K [0x0000000080000000, 0x0000000100000000)
  region size 1024K, 9 young (9216K), 9 survivors (9216K)
 Metaspace       used 90415K, capacity 93184K, committed 93232K, reserved 1130496K
  class space    used 11808K, capacity 12892K, committed 12928K, reserved 1048576K
}
Event: 53.661 GC heap before
{Heap before GC invocations=18 (full 0):
 garbage-first heap   total 249856K, used 194377K [0x0000000080000000, 0x0000000100000000)
  region size 1024K, 94 young (96256K), 9 survivors (9216K)
 Metaspace       used 92328K, capacity 95218K, committed 95536K, reserved 1132544K
  class space    used 11983K, capacity 13080K, committed 13184K, reserved 1048576K
}
Event: 53.668 GC heap after
{Heap after GC invocations=19 (full 0):
 garbage-first heap   total 249856K, used 116435K [0x0000000080000000, 0x0000000100000000)
  region size 1024K, 9 young (9216K), 9 survivors (9216K)
 Metaspace       used 92328K, capacity 95218K, committed 95536K, reserved 1132544K
  class space    used 11983K, capacity 13080K, committed 13184K, reserved 1048576K
}
Event: 54.097 GC heap before
{Heap before GC invocations=19 (full 0):
 garbage-first heap   total 249856K, used 189139K [0x0000000080000000, 0x0000000100000000)
  region size 1024K, 82 young (83968K), 9 survivors (9216K)
 Metaspace       used 97704K, capacity 100658K, committed 100776K, reserved 1136640K
  class space    used 12623K, capacity 13720K, committed 13816K, reserved 1048576K
}
Event: 54.106 GC heap after
{Heap after GC invocations=20 (full 0):
 garbage-first heap   total 249856K, used 120167K [0x0000000080000000, 0x0000000100000000)
  region size 1024K, 4 young (4096K), 4 survivors (4096K)
 Metaspace       used 97704K, capacity 100658K, committed 100776K, reserved 1136640K
  class space    used 12623K, capacity 13720K, committed 13816K, reserved 1048576K
}
Event: 56.104 GC heap before
{Heap before GC invocations=21 (full 0):
 garbage-first heap   total 249856K, used 200039K [0x0000000080000000, 0x0000000100000000)
  region size 1024K, 83 young (84992K), 4 survivors (4096K)
 Metaspace       used 110121K, capacity 113382K, committed 113576K, reserved 1146880K
  class space    used 14270K, capacity 15516K, committed 15608K, reserved 1048576K
}
Event: 56.108 GC heap after
{Heap after GC invocations=22 (full 0):
 garbage-first heap   total 249856K, used 123657K [0x0000000080000000, 0x0000000100000000)
  region size 1024K, 8 young (8192K), 8 survivors (8192K)
 Metaspace       used 110121K, capacity 113382K, committed 113576K, reserved 1146880K
  class space    used 14270K, capacity 15516K, committed 15608K, reserved 1048576K
}
Event: 56.180 GC heap before
{Heap before GC invocations=22 (full 0):
 garbage-first heap   total 249856K, used 127753K [0x0000000080000000, 0x0000000100000000)
  region size 1024K, 12 young (12288K), 8 survivors (8192K)
 Metaspace       used 111035K, capacity 114415K, committed 114472K, reserved 1148928K
  class space    used 14430K, capacity 15712K, committed 15736K, reserved 1048576K
}
Event: 56.184 GC heap after
{Heap after GC invocations=23 (full 0):
 garbage-first heap   total 249856K, used 119203K [0x0000000080000000, 0x0000000100000000)
  region size 1024K, 2 young (2048K), 2 survivors (2048K)
 Metaspace       used 111035K, capacity 114415K, committed 114472K, reserved 1148928K
  class space    used 14430K, capacity 15712K, committed 15736K, reserved 1048576K
}
Event: 56.724 GC heap before
{Heap before GC invocations=23 (full 0):
 garbage-first heap   total 249856K, used 160163K [0x0000000080000000, 0x0000000100000000)
  region size 1024K, 44 young (45056K), 2 survivors (2048K)
 Metaspace       used 116337K, capacity 120087K, committed 120232K, reserved 1153024K
  class space    used 15292K, capacity 16752K, committed 16888K, reserved 1048576K
}
Event: 56.728 GC heap after
{Heap after GC invocations=24 (full 0):
 garbage-first heap   total 249856K, used 122104K [0x0000000080000000, 0x0000000100000000)
  region size 1024K, 4 young (4096K), 4 survivors (4096K)
 Metaspace       used 116337K, capacity 120087K, committed 120232K, reserved 1153024K
  class space    used 15292K, capacity 16752K, committed 16888K, reserved 1048576K
}
Event: 484.704 GC heap before
{Heap before GC invocations=25 (full 0):
 garbage-first heap   total 249856K, used 214264K [0x0000000080000000, 0x0000000100000000)
  region size 1024K, 85 young (87040K), 4 survivors (4096K)
 Metaspace       used 117039K, capacity 120777K, committed 121000K, reserved 1153024K
  class space    used 15311K, capacity 16770K, committed 16888K, reserved 1048576K
}
Event: 484.710 GC heap after
{Heap after GC invocations=26 (full 0):
 garbage-first heap   total 249856K, used 129111K [0x0000000080000000, 0x0000000100000000)
  region size 1024K, 11 young (11264K), 11 survivors (11264K)
 Metaspace       used 117039K, capacity 120777K, committed 121000K, reserved 1153024K
  class space    used 15311K, capacity 16770K, committed 16888K, reserved 1048576K
}
Event: 484.722 GC heap before
{Heap before GC invocations=26 (full 0):
 garbage-first heap   total 249856K, used 130135K [0x0000000080000000, 0x0000000100000000)
  region size 1024K, 12 young (12288K), 11 survivors (11264K)
 Metaspace       used 117044K, capacity 120777K, committed 121000K, reserved 1153024K
  class space    used 15311K, capacity 16770K, committed 16888K, reserved 1048576K
}
Event: 484.728 GC heap after
{Heap after GC invocations=27 (full 0):
 garbage-first heap   total 249856K, used 129687K [0x0000000080000000, 0x0000000100000000)
  region size 1024K, 2 young (2048K), 2 survivors (2048K)
 Metaspace       used 117044K, capacity 120777K, committed 121000K, reserved 1153024K
  class space    used 15311K, capacity 16770K, committed 16888K, reserved 1048576K
}

