# JRE version: OpenJDK Runtime Environment (11.0.15) (build 11.0.15+0-b2043.56-9505619)
# Java VM: OpenJDK 64-Bit Server VM (11.0.15+0-b2043.56-9505619, mixed mode, tiered, compressed oops, g1 gc, windows-amd64)
Heap:
 garbage-first heap   total 300032K, used 167779K [0x0000000080000000, 0x0000000100000000)
  region size 1024K, 109 young (111616K), 4 survivors (4096K)
 Metaspace       used 67673K, capacity 69273K, committed 69296K, reserved 1110016K
  class space    used 8549K, capacity 9200K, committed 9216K, reserved 1048576K
GC Heap History (14 events):
Event: 0.453 GC heap before
{Heap before GC invocations=0 (full 0):
 garbage-first heap   total 249856K, used 29696K [0x0000000080000000, 0x0000000100000000)
  region size 1024K, 24 young (24576K), 0 survivors (0K)
 Metaspace       used 9744K, capacity 9968K, committed 10112K, reserved 1058816K
  class space    used 987K, capacity 1069K, committed 1152K, reserved 1048576K
}
Event: 0.462 GC heap after
{Heap after GC invocations=1 (full 0):
 garbage-first heap   total 249856K, used 9142K [0x0000000080000000, 0x0000000100000000)
  region size 1024K, 3 young (3072K), 3 survivors (3072K)
 Metaspace       used 9744K, capacity 9968K, committed 10112K, reserved 1058816K
  class space    used 987K, capacity 1069K, committed 1152K, reserved 1048576K
}
Event: 1.950 GC heap before
{Heap before GC invocations=1 (full 0):
 garbage-first heap   total 249856K, used 108470K [0x0000000080000000, 0x0000000100000000)
  region size 1024K, 101 young (103424K), 3 survivors (3072K)
 Metaspace       used 20843K, capacity 21161K, committed 21296K, reserved 1069056K
  class space    used 2515K, capacity 2651K, committed 2688K, reserved 1048576K
}
Event: 1.969 GC heap after
{Heap after GC invocations=2 (full 0):
 garbage-first heap   total 249856K, used 16697K [0x0000000080000000, 0x0000000100000000)
  region size 1024K, 11 young (11264K), 11 survivors (11264K)
 Metaspace       used 20843K, capacity 21161K, committed 21296K, reserved 1069056K
  class space    used 2515K, capacity 2651K, committed 2688K, reserved 1048576K
}
Event: 2.377 GC heap before
{Heap before GC invocations=3 (full 0):
 garbage-first heap   total 249856K, used 66873K [0x0000000080000000, 0x0000000100000000)
  region size 1024K, 61 young (62464K), 11 survivors (11264K)
 Metaspace       used 26197K, capacity 26843K, committed 27184K, reserved 1073152K
  class space    used 3390K, capacity 3618K, committed 3712K, reserved 1048576K
}
Event: 2.390 GC heap after
{Heap after GC invocations=4 (full 0):
 garbage-first heap   total 249856K, used 19242K [0x0000000080000000, 0x0000000100000000)
  region size 1024K, 3 young (3072K), 3 survivors (3072K)
 Metaspace       used 26197K, capacity 26843K, committed 27184K, reserved 1073152K
  class space    used 3390K, capacity 3618K, committed 3712K, reserved 1048576K
}
Event: 3.131 GC heap before
{Heap before GC invocations=4 (full 0):
 garbage-first heap   total 249856K, used 89898K [0x0000000080000000, 0x0000000100000000)
  region size 1024K, 73 young (74752K), 3 survivors (3072K)
 Metaspace       used 34864K, capacity 35735K, committed 35888K, reserved 1081344K
  class space    used 4545K, capacity 4883K, committed 4992K, reserved 1048576K
}
Event: 3.138 GC heap after
{Heap after GC invocations=5 (full 0):
 garbage-first heap   total 249856K, used 22302K [0x0000000080000000, 0x0000000100000000)
  region size 1024K, 6 young (6144K), 6 survivors (6144K)
 Metaspace       used 34864K, capacity 35735K, committed 35888K, reserved 1081344K
  class space    used 4545K, capacity 4883K, committed 4992K, reserved 1048576K
}
Event: 4.269 GC heap before
{Heap before GC invocations=6 (full 0):
 garbage-first heap   total 249856K, used 142110K [0x0000000080000000, 0x0000000100000000)
  region size 1024K, 120 young (122880K), 6 survivors (6144K)
 Metaspace       used 45745K, capacity 46814K, committed 46896K, reserved 1089536K
  class space    used 5795K, capacity 6194K, committed 6272K, reserved 1048576K
}
Event: 4.283 GC heap after
{Heap after GC invocations=7 (full 0):
 garbage-first heap   total 249856K, used 30478K [0x0000000080000000, 0x0000000100000000)
  region size 1024K, 14 young (14336K), 14 survivors (14336K)
 Metaspace       used 45745K, capacity 46814K, committed 46896K, reserved 1089536K
  class space    used 5795K, capacity 6194K, committed 6272K, reserved 1048576K
}
Event: 5.196 GC heap before
{Heap before GC invocations=7 (full 0):
 garbage-first heap   total 249856K, used 173838K [0x0000000080000000, 0x0000000100000000)
  region size 1024K, 145 young (148480K), 14 survivors (14336K)
 Metaspace       used 52939K, capacity 54350K, committed 54576K, reserved 1097728K
  class space    used 6688K, capacity 7258K, committed 7296K, reserved 1048576K
}
Event: 5.210 GC heap after
{Heap after GC invocations=8 (full 0):
 garbage-first heap   total 300032K, used 49703K [0x0000000080000000, 0x0000000100000000)
  region size 1024K, 19 young (19456K), 19 survivors (19456K)
 Metaspace       used 52939K, capacity 54350K, committed 54576K, reserved 1097728K
  class space    used 6688K, capacity 7258K, committed 7296K, reserved 1048576K
}
Event: 5.641 GC heap before
{Heap before GC invocations=8 (full 0):
 garbage-first heap   total 300032K, used 87591K [0x0000000080000000, 0x0000000100000000)
  region size 1024K, 57 young (58368K), 19 survivors (19456K)
 Metaspace       used 58547K, capacity 60128K, committed 60208K, reserved 1101824K
  class space    used 7388K, capacity 8011K, committed 8064K, reserved 1048576K
}
Event: 5.652 GC heap after
{Heap after GC invocations=9 (full 0):
 garbage-first heap   total 300032K, used 53091K [0x0000000080000000, 0x0000000100000000)
  region size 1024K, 4 young (4096K), 4 survivors (4096K)
 Metaspace       used 58547K, capacity 60128K, committed 60208K, reserved 1101824K
  class space    used 7388K, capacity 8011K, committed 8064K, reserved 1048576K
}

