# JRE version: OpenJDK Runtime Environment (11.0.15) (build 11.0.15+0-b2043.56-9505619)
# Java VM: OpenJDK 64-Bit Server VM (11.0.15+0-b2043.56-9505619, mixed mode, tiered, compressed oops, g1 gc, windows-amd64)
Heap:
 garbage-first heap   total 249856K, used 138815K [0x0000000080000000, 0x0000000100000000)
  region size 1024K, 23 young (23552K), 7 survivors (7168K)
 Metaspace       used 117121K, capacity 120900K, committed 120948K, reserved 1153024K
  class space    used 15409K, capacity 16857K, committed 16896K, reserved 1048576K
GC Heap History (20 events):
Event: 8.888 GC heap before
{Heap before GC invocations=12 (full 0):
 garbage-first heap   total 249856K, used 166137K [0x0000000080000000, 0x0000000100000000)
  region size 1024K, 112 young (114688K), 14 survivors (14336K)
 Metaspace       used 82626K, capacity 84511K, committed 84656K, reserved 1122304K
  class space    used 10734K, capacity 11499K, committed 11520K, reserved 1048576K
}
Event: 8.895 GC heap after
{Heap after GC invocations=13 (full 0):
 garbage-first heap   total 249856K, used 71986K [0x0000000080000000, 0x0000000100000000)
  region size 1024K, 13 young (13312K), 13 survivors (13312K)
 Metaspace       used 82626K, capacity 84511K, committed 84656K, reserved 1122304K
  class space    used 10734K, capacity 11499K, committed 11520K, reserved 1048576K
}
Event: 9.508 GC heap before
{Heap before GC invocations=13 (full 0):
 garbage-first heap   total 249856K, used 174386K [0x0000000080000000, 0x0000000100000000)
  region size 1024K, 113 young (115712K), 13 survivors (13312K)
 Metaspace       used 85449K, capacity 87546K, committed 87728K, reserved 1124352K
  class space    used 11081K, capacity 11921K, committed 12032K, reserved 1048576K
}
Event: 9.518 GC heap after
{Heap after GC invocations=14 (full 0):
 garbage-first heap   total 249856K, used 83117K [0x0000000080000000, 0x0000000100000000)
  region size 1024K, 15 young (15360K), 15 survivors (15360K)
 Metaspace       used 85449K, capacity 87546K, committed 87728K, reserved 1124352K
  class space    used 11081K, capacity 11921K, committed 12032K, reserved 1048576K
}
Event: 10.203 GC heap before
{Heap before GC invocations=14 (full 0):
 garbage-first heap   total 249856K, used 179373K [0x0000000080000000, 0x0000000100000000)
  region size 1024K, 110 young (112640K), 15 survivors (15360K)
 Metaspace       used 88559K, capacity 91219K, committed 91440K, reserved 1128448K
  class space    used 11631K, capacity 12650K, committed 12672K, reserved 1048576K
}
Event: 10.213 GC heap after
{Heap after GC invocations=15 (full 0):
 garbage-first heap   total 249856K, used 94326K [0x0000000080000000, 0x0000000100000000)
  region size 1024K, 11 young (11264K), 11 survivors (11264K)
 Metaspace       used 88559K, capacity 91219K, committed 91440K, reserved 1128448K
  class space    used 11631K, capacity 12650K, committed 12672K, reserved 1048576K
}
Event: 10.611 GC heap before
{Heap before GC invocations=15 (full 0):
 garbage-first heap   total 249856K, used 185462K [0x0000000080000000, 0x0000000100000000)
  region size 1024K, 101 young (103424K), 11 survivors (11264K)
 Metaspace       used 89324K, capacity 92037K, committed 92336K, reserved 1128448K
  class space    used 11681K, capacity 12720K, committed 12800K, reserved 1048576K
}
Event: 10.616 GC heap after
{Heap after GC invocations=16 (full 0):
 garbage-first heap   total 249856K, used 99689K [0x0000000080000000, 0x0000000100000000)
  region size 1024K, 10 young (10240K), 10 survivors (10240K)
 Metaspace       used 89324K, capacity 92037K, committed 92336K, reserved 1128448K
  class space    used 11681K, capacity 12720K, committed 12800K, reserved 1048576K
}
Event: 11.037 GC heap before
{Heap before GC invocations=16 (full 0):
 garbage-first heap   total 249856K, used 188777K [0x0000000080000000, 0x0000000100000000)
  region size 1024K, 98 young (100352K), 10 survivors (10240K)
 Metaspace       used 90699K, capacity 93478K, committed 93488K, reserved 1130496K
  class space    used 11877K, capacity 12927K, committed 12928K, reserved 1048576K
}
Event: 11.041 GC heap after
{Heap after GC invocations=17 (full 0):
 garbage-first heap   total 249856K, used 103622K [0x0000000080000000, 0x0000000100000000)
  region size 1024K, 8 young (8192K), 8 survivors (8192K)
 Metaspace       used 90699K, capacity 93478K, committed 93488K, reserved 1130496K
  class space    used 11877K, capacity 12927K, committed 12928K, reserved 1048576K
}
Event: 11.679 GC heap before
{Heap before GC invocations=17 (full 0):
 garbage-first heap   total 249856K, used 192710K [0x0000000080000000, 0x0000000100000000)
  region size 1024K, 96 young (98304K), 8 survivors (8192K)
 Metaspace       used 96722K, capacity 99594K, committed 99760K, reserved 1134592K
  class space    used 12586K, capacity 13703K, committed 13824K, reserved 1048576K
}
Event: 11.684 GC heap after
{Heap after GC invocations=18 (full 0):
 garbage-first heap   total 249856K, used 108016K [0x0000000080000000, 0x0000000100000000)
  region size 1024K, 5 young (5120K), 5 survivors (5120K)
 Metaspace       used 96722K, capacity 99594K, committed 99760K, reserved 1134592K
  class space    used 12586K, capacity 13703K, committed 13824K, reserved 1048576K
}
Event: 12.441 GC heap before
{Heap before GC invocations=18 (full 0):
 garbage-first heap   total 249856K, used 187888K [0x0000000080000000, 0x0000000100000000)
  region size 1024K, 85 young (87040K), 5 survivors (5120K)
 Metaspace       used 97662K, capacity 100535K, committed 100776K, reserved 1136640K
  class space    used 12725K, capacity 13824K, committed 13824K, reserved 1048576K
}
Event: 12.446 GC heap after
{Heap after GC invocations=19 (full 0):
 garbage-first heap   total 249856K, used 113914K [0x0000000080000000, 0x0000000100000000)
  region size 1024K, 11 young (11264K), 11 survivors (11264K)
 Metaspace       used 97662K, capacity 100535K, committed 100776K, reserved 1136640K
  class space    used 12725K, capacity 13824K, committed 13824K, reserved 1048576K
}
Event: 18.802 GC heap before
{Heap before GC invocations=20 (full 0):
 garbage-first heap   total 249856K, used 197882K [0x0000000080000000, 0x0000000100000000)
  region size 1024K, 94 young (96256K), 11 survivors (11264K)
 Metaspace       used 111351K, capacity 114817K, committed 114932K, reserved 1148928K
  class space    used 14658K, capacity 15962K, committed 16000K, reserved 1048576K
}
Event: 18.809 GC heap after
{Heap after GC invocations=21 (full 0):
 garbage-first heap   total 249856K, used 118013K [0x0000000080000000, 0x0000000100000000)
  region size 1024K, 6 young (6144K), 6 survivors (6144K)
 Metaspace       used 111351K, capacity 114817K, committed 114932K, reserved 1148928K
  class space    used 14658K, capacity 15962K, committed 16000K, reserved 1048576K
}
Event: 19.336 GC heap before
{Heap before GC invocations=21 (full 0):
 garbage-first heap   total 249856K, used 151805K [0x0000000080000000, 0x0000000100000000)
  region size 1024K, 40 young (40960K), 6 survivors (6144K)
 Metaspace       used 115057K, capacity 118743K, committed 119028K, reserved 1150976K
  class space    used 15233K, capacity 16652K, committed 16768K, reserved 1048576K
}
Event: 19.340 GC heap after
{Heap after GC invocations=22 (full 0):
 garbage-first heap   total 249856K, used 121024K [0x0000000080000000, 0x0000000100000000)
  region size 1024K, 9 young (9216K), 9 survivors (9216K)
 Metaspace       used 115057K, capacity 118743K, committed 119028K, reserved 1150976K
  class space    used 15233K, capacity 16652K, committed 16768K, reserved 1048576K
}
Event: 1289.212 GC heap before
{Heap before GC invocations=23 (full 0):
 garbage-first heap   total 249856K, used 206016K [0x0000000080000000, 0x0000000100000000)
  region size 1024K, 83 young (84992K), 9 survivors (9216K)
 Metaspace       used 116750K, capacity 120571K, committed 120692K, reserved 1153024K
  class space    used 15400K, capacity 16843K, committed 16896K, reserved 1048576K
}
Event: 1289.229 GC heap after
{Heap after GC invocations=24 (full 0):
 garbage-first heap   total 249856K, used 123455K [0x0000000080000000, 0x0000000100000000)
  region size 1024K, 7 young (7168K), 7 survivors (7168K)
 Metaspace       used 116750K, capacity 120571K, committed 120692K, reserved 1153024K
  class space    used 15400K, capacity 16843K, committed 16896K, reserved 1048576K
}

