# JRE version: OpenJDK Runtime Environment (11.0.15) (build 11.0.15+0-b2043.56-9505619)
# Java VM: OpenJDK 64-Bit Server VM (11.0.15+0-b2043.56-9505619, mixed mode, tiered, compressed oops, g1 gc, windows-amd64)
Heap:
 garbage-first heap   total 249856K, used 167490K [0x0000000080000000, 0x0000000100000000)
  region size 1024K, 43 young (44032K), 4 survivors (4096K)
 Metaspace       used 117641K, capacity 121400K, committed 121716K, reserved 1155072K
  class space    used 15407K, capacity 16827K, committed 16896K, reserved 1048576K
GC Heap History (20 events):
Event: 8.671 GC heap before
{Heap before GC invocations=13 (full 0):
 garbage-first heap   total 249856K, used 172585K [0x0000000080000000, 0x0000000100000000)
  region size 1024K, 112 young (114688K), 13 survivors (13312K)
 Metaspace       used 85500K, capacity 87609K, committed 87728K, reserved 1124352K
  class space    used 11092K, capacity 11921K, committed 12032K, reserved 1048576K
}
Event: 8.678 GC heap after
{Heap after GC invocations=14 (full 0):
 garbage-first heap   total 249856K, used 82053K [0x0000000080000000, 0x0000000100000000)
  region size 1024K, 14 young (14336K), 14 survivors (14336K)
 Metaspace       used 85500K, capacity 87609K, committed 87728K, reserved 1124352K
  class space    used 11092K, capacity 11921K, committed 12032K, reserved 1048576K
}
Event: 9.277 GC heap before
{Heap before GC invocations=14 (full 0):
 garbage-first heap   total 249856K, used 178309K [0x0000000080000000, 0x0000000100000000)
  region size 1024K, 109 young (111616K), 14 survivors (14336K)
 Metaspace       used 88560K, capacity 91278K, committed 91568K, reserved 1128448K
  class space    used 11647K, capacity 12692K, committed 12800K, reserved 1048576K
}
Event: 9.287 GC heap after
{Heap after GC invocations=15 (full 0):
 garbage-first heap   total 249856K, used 93329K [0x0000000080000000, 0x0000000100000000)
  region size 1024K, 11 young (11264K), 11 survivors (11264K)
 Metaspace       used 88560K, capacity 91278K, committed 91568K, reserved 1128448K
  class space    used 11647K, capacity 12692K, committed 12800K, reserved 1048576K
}
Event: 9.682 GC heap before
{Heap before GC invocations=15 (full 0):
 garbage-first heap   total 249856K, used 185489K [0x0000000080000000, 0x0000000100000000)
  region size 1024K, 102 young (104448K), 11 survivors (11264K)
 Metaspace       used 89227K, capacity 92003K, committed 92080K, reserved 1128448K
  class space    used 11696K, capacity 12760K, committed 12800K, reserved 1048576K
}
Event: 9.688 GC heap after
{Heap after GC invocations=16 (full 0):
 garbage-first heap   total 249856K, used 98662K [0x0000000080000000, 0x0000000100000000)
  region size 1024K, 10 young (10240K), 10 survivors (10240K)
 Metaspace       used 89227K, capacity 92003K, committed 92080K, reserved 1128448K
  class space    used 11696K, capacity 12760K, committed 12800K, reserved 1048576K
}
Event: 10.149 GC heap before
{Heap before GC invocations=16 (full 0):
 garbage-first heap   total 249856K, used 188774K [0x0000000080000000, 0x0000000100000000)
  region size 1024K, 99 young (101376K), 10 survivors (10240K)
 Metaspace       used 90671K, capacity 93469K, committed 93616K, reserved 1130496K
  class space    used 11882K, capacity 12967K, committed 13056K, reserved 1048576K
}
Event: 10.153 GC heap after
{Heap after GC invocations=17 (full 0):
 garbage-first heap   total 249856K, used 102561K [0x0000000080000000, 0x0000000100000000)
  region size 1024K, 8 young (8192K), 8 survivors (8192K)
 Metaspace       used 90671K, capacity 93469K, committed 93616K, reserved 1130496K
  class space    used 11882K, capacity 12967K, committed 13056K, reserved 1048576K
}
Event: 10.711 GC heap before
{Heap before GC invocations=17 (full 0):
 garbage-first heap   total 249856K, used 191649K [0x0000000080000000, 0x0000000100000000)
  region size 1024K, 96 young (98304K), 8 survivors (8192K)
 Metaspace       used 96715K, capacity 99613K, committed 99760K, reserved 1134592K
  class space    used 12598K, capacity 13709K, committed 13824K, reserved 1048576K
}
Event: 10.716 GC heap after
{Heap after GC invocations=18 (full 0):
 garbage-first heap   total 249856K, used 106745K [0x0000000080000000, 0x0000000100000000)
  region size 1024K, 5 young (5120K), 5 survivors (5120K)
 Metaspace       used 96715K, capacity 99613K, committed 99760K, reserved 1134592K
  class space    used 12598K, capacity 13709K, committed 13824K, reserved 1048576K
}
Event: 11.617 GC heap before
{Heap before GC invocations=18 (full 0):
 garbage-first heap   total 249856K, used 184569K [0x0000000080000000, 0x0000000100000000)
  region size 1024K, 83 young (84992K), 5 survivors (5120K)
 Metaspace       used 97557K, capacity 100537K, committed 100776K, reserved 1136640K
  class space    used 12725K, capacity 13824K, committed 13824K, reserved 1048576K
}
Event: 11.622 GC heap after
{Heap after GC invocations=19 (full 0):
 garbage-first heap   total 249856K, used 112572K [0x0000000080000000, 0x0000000100000000)
  region size 1024K, 11 young (11264K), 11 survivors (11264K)
 Metaspace       used 97557K, capacity 100537K, committed 100776K, reserved 1136640K
  class space    used 12725K, capacity 13824K, committed 13824K, reserved 1048576K
}
Event: 18.226 GC heap before
{Heap before GC invocations=20 (full 0):
 garbage-first heap   total 249856K, used 196540K [0x0000000080000000, 0x0000000100000000)
  region size 1024K, 94 young (96256K), 11 survivors (11264K)
 Metaspace       used 111346K, capacity 114828K, committed 115060K, reserved 1148928K
  class space    used 14669K, capacity 16027K, committed 16128K, reserved 1048576K
}
Event: 18.233 GC heap after
{Heap after GC invocations=21 (full 0):
 garbage-first heap   total 249856K, used 116903K [0x0000000080000000, 0x0000000100000000)
  region size 1024K, 6 young (6144K), 6 survivors (6144K)
 Metaspace       used 111346K, capacity 114828K, committed 115060K, reserved 1148928K
  class space    used 14669K, capacity 16027K, committed 16128K, reserved 1048576K
}
Event: 18.720 GC heap before
{Heap before GC invocations=21 (full 0):
 garbage-first heap   total 249856K, used 150695K [0x0000000080000000, 0x0000000100000000)
  region size 1024K, 41 young (41984K), 6 survivors (6144K)
 Metaspace       used 115129K, capacity 118828K, committed 119028K, reserved 1150976K
  class space    used 15251K, capacity 16656K, committed 16768K, reserved 1048576K
}
Event: 18.726 GC heap after
{Heap after GC invocations=22 (full 0):
 garbage-first heap   total 249856K, used 119716K [0x0000000080000000, 0x0000000100000000)
  region size 1024K, 9 young (9216K), 9 survivors (9216K)
 Metaspace       used 115129K, capacity 118828K, committed 119028K, reserved 1150976K
  class space    used 15251K, capacity 16656K, committed 16768K, reserved 1048576K
}
Event: 42.175 GC heap before
{Heap before GC invocations=23 (full 0):
 garbage-first heap   total 249856K, used 205732K [0x0000000080000000, 0x0000000100000000)
  region size 1024K, 84 young (86016K), 9 survivors (9216K)
 Metaspace       used 116841K, capacity 120602K, committed 120692K, reserved 1153024K
  class space    used 15403K, capacity 16821K, committed 16896K, reserved 1048576K
}
Event: 42.182 GC heap after
{Heap after GC invocations=24 (full 0):
 garbage-first heap   total 249856K, used 127142K [0x0000000080000000, 0x0000000100000000)
  region size 1024K, 11 young (11264K), 11 survivors (11264K)
 Metaspace       used 116841K, capacity 120602K, committed 120692K, reserved 1153024K
  class space    used 15403K, capacity 16821K, committed 16896K, reserved 1048576K
}
Event: 1765.201 GC heap before
{Heap before GC invocations=24 (full 0):
 garbage-first heap   total 249856K, used 197798K [0x0000000080000000, 0x0000000100000000)
  region size 1024K, 81 young (82944K), 11 survivors (11264K)
 Metaspace       used 117504K, capacity 121368K, committed 121460K, reserved 1155072K
  class space    used 15442K, capacity 16888K, committed 16896K, reserved 1048576K
}
Event: 1765.210 GC heap after
{Heap after GC invocations=25 (full 0):
 garbage-first heap   total 249856K, used 129602K [0x0000000080000000, 0x0000000100000000)
  region size 1024K, 4 young (4096K), 4 survivors (4096K)
 Metaspace       used 117504K, capacity 121368K, committed 121460K, reserved 1155072K
  class space    used 15442K, capacity 16888K, committed 16896K, reserved 1048576K
}

